Build started 3/12/2013 9:20:35 PM.
     1>Project "C:\Users\scai\Dropbox\sdap\Audapter-DAF-64bit\TransShiftMex\TransShiftMex.vcxproj" on node 2 (build target(s)).
     1>InitializeBuildStatus:
         Creating "Release\TransShiftMex.unsuccessfulbuild" because "AlwaysCreate" was specified.
       ClCompile:
         C:\Program Files (x86)\Microsoft Visual Studio 10.0\VC\bin\x86_amd64\CL.exe /c /I"C:\Users\scai\Dropbox\sdap\Audapter-DAF-64bit\\audioIO" /I"C:\Users\scai\Dropbox\sdap\Audapter-DAF-64bit\\SibShift" /I"C:\Program Files\MATLAB\R2011a\extern\include" /I"C:\Program Files\MATLAB\R2011a\extern\include\win32" /Zi /nologo /W3 /WX- /O2 /GL /D WIN32 /D NDEBUG /D _WINDOWS /D _USRDLL /D MEXLIBRARY_EXPORTS /D MATLAB_MEX_FILE /D _WINDLL /D _UNICODE /D UNICODE /Gm- /EHsc /MD /GS /fp:precise /Zc:wchar_t /Zc:forScope /Fo"Release\\" /Fd"Release\vc100.pdb" /Gd /TP /errorReport:prompt TransShift.cpp mexLibrary.cpp
         TransShift.cpp
         mexLibrary.cpp
     1>C:\Program Files (x86)\MSBuild\Microsoft.Cpp\v4.0\Microsoft.CppBuild.targets(990,5): warning MSB8012: TargetPath(C:\Users\scai\Dropbox\sdap\Audapter-DAF-64bit\\BIN\Release\TransShiftMex.dll) does not match the Linker's OutputFile property value (C:\Users\scai\Dropbox\sdap\Audapter-DAF-64bit\BIN\Release\TransShiftMex.mexw64). This may cause your project to build incorrectly. To correct this, please make sure that $(OutDir), $(TargetName) and $(TargetExt) property values match the value specified in %(Link.OutputFile).
     1>C:\Program Files (x86)\MSBuild\Microsoft.Cpp\v4.0\Microsoft.CppBuild.targets(991,5): warning MSB8012: TargetExt(.dll) does not match the Linker's OutputFile property value (.mexw64). This may cause your project to build incorrectly. To correct this, please make sure that $(OutDir), $(TargetName) and $(TargetExt) property values match the value specified in %(Link.OutputFile).
       Link:
         C:\Program Files (x86)\Microsoft Visual Studio 10.0\VC\bin\x86_amd64\link.exe /ERRORREPORT:PROMPT /OUT:"C:\Users\scai\Dropbox\sdap\Audapter-DAF-64bit\\BIN\Release\TransShiftMex.mexw64" /INCREMENTAL:NO /NOLOGO /LIBPATH:"C:\Program Files\MATLAB\R2011a\extern\lib\win32\microsoft" "C:\Users\scai\Dropbox\sdap\Audapter-DAF-64bit\\LIB\Release\audioIO.lib" libmx.lib libmex.lib libmat.lib user32.lib gdi32.lib winspool.lib comdlg32.lib advapi32.lib shell32.lib ole32.lib oleaut32.lib uuid.lib odbc32.lib odbccp32.lib libmx.lib libmex.lib libmat.lib kernel32.lib user32.lib gdi32.lib winspool.lib comdlg32.lib advapi32.lib shell32.lib ole32.lib oleaut32.lib uuid.lib odbc32.lib odbccp32.lib /MANIFEST /ManifestFile:"Release\TransShiftMex.dll.intermediate.manifest" /MANIFESTUAC:"level='asInvoker' uiAccess='false'" /DEBUG /PDB:"C:\Users\scai\Dropbox\sdap\Audapter-DAF-64bit\BIN\Release\TransShiftMex.pdb" /SUBSYSTEM:WINDOWS /OPT:REF /OPT:ICF /LTCG /TLBID:1 /DYNAMICBASE:NO /IMPLIB:"C:\Users\scai\Dropbox\sdap\Audapter-DAF-64bit\\BIN\Release\TransShiftMex.lib" /MACHINE:X64 /DLL Release\DSPF.obj
         Release\mexLibrary.obj
         Release\TransShift.obj
         "C:\Users\scai\Dropbox\sdap\Audapter-DAF-64bit\LIB\Release\audioIO.lib" /export:mexFunction 
            Creating library C:\Users\scai\Dropbox\sdap\Audapter-DAF-64bit\\BIN\Release\TransShiftMex.lib and object C:\Users\scai\Dropbox\sdap\Audapter-DAF-64bit\\BIN\Release\TransShiftMex.exp
         Generating code
         Finished generating code
         TransShiftMex.vcxproj -> C:\Users\scai\Dropbox\sdap\Audapter-DAF-64bit\\BIN\Release\TransShiftMex.dll
       Manifest:
         C:\Program Files (x86)\Microsoft SDKs\Windows\v7.0A\bin\mt.exe /nologo /verbose /outputresource:"C:\Users\scai\Dropbox\sdap\Audapter-DAF-64bit\\BIN\Release\TransShiftMex.mexw64;#2" /manifest Release\TransShiftMex.dll.intermediate.manifest
       FinalizeBuildStatus:
         Deleting file "Release\TransShiftMex.unsuccessfulbuild".
         Touching "Release\TransShiftMex.lastbuildstate".
     1>Done Building Project "C:\Users\scai\Dropbox\sdap\Audapter-DAF-64bit\TransShiftMex\TransShiftMex.vcxproj" (build target(s)).

Build succeeded.

Time Elapsed 00:00:14.85
