Build started 3/12/2013 9:23:26 PM.
     1>Project "C:\Users\scai\Dropbox\sdap\Audapter-DAF-64bit\TransShiftMex\TransShiftMex.vcxproj" on node 2 (build target(s)).
     1>InitializeBuildStatus:
         Touching "Debug\TransShiftMex.unsuccessfulbuild".
       ClCompile:
         All outputs are up-to-date.
       ManifestResourceCompile:
         All outputs are up-to-date.
     1>C:\Program Files (x86)\MSBuild\Microsoft.Cpp\v4.0\Microsoft.CppBuild.targets(990,5): warning MSB8012: TargetPath(C:\Users\scai\Dropbox\sdap\Audapter-DAF-64bit\\BIN\Debug\TransShiftMex.dll) does not match the Linker's OutputFile property value (C:\Users\scai\Dropbox\sdap\Audapter-DAF-64bit\BIN\Debug\TransShiftMex.mexw64). This may cause your project to build incorrectly. To correct this, please make sure that $(OutDir), $(TargetName) and $(TargetExt) property values match the value specified in %(Link.OutputFile).
     1>C:\Program Files (x86)\MSBuild\Microsoft.Cpp\v4.0\Microsoft.CppBuild.targets(991,5): warning MSB8012: TargetExt(.dll) does not match the Linker's OutputFile property value (.mexw64). This may cause your project to build incorrectly. To correct this, please make sure that $(OutDir), $(TargetName) and $(TargetExt) property values match the value specified in %(Link.OutputFile).
       Link:
         C:\Program Files (x86)\Microsoft Visual Studio 10.0\VC\bin\x86_amd64\link.exe /ERRORREPORT:PROMPT /OUT:"C:\Users\scai\Dropbox\sdap\Audapter-DAF-64bit\\BIN\Debug\TransShiftMex.mexw64" /INCREMENTAL /NOLOGO /LIBPATH:"C:\Program Files\MATLAB\R2011a\extern\lib\win32\microsoft" libmx.lib libmex.lib libmat.lib user32.lib gdi32.lib winspool.lib comdlg32.lib advapi32.lib shell32.lib ole32.lib oleaut32.lib uuid.lib odbc32.lib odbccp32.lib kernel32.lib user32.lib gdi32.lib winspool.lib comdlg32.lib advapi32.lib shell32.lib ole32.lib oleaut32.lib uuid.lib odbc32.lib odbccp32.lib /MANIFEST /ManifestFile:"Debug\TransShiftMex.dll.intermediate.manifest" /MANIFESTUAC:"level='asInvoker' uiAccess='false'" /DEBUG /PDB:"C:\Users\scai\Dropbox\sdap\Audapter-DAF-64bit\BIN\Debug\TransShiftMex.pdb" /MAP /SUBSYSTEM:WINDOWS /TLBID:1 /DYNAMICBASE:NO /IMPLIB:"C:\Users\scai\Dropbox\sdap\Audapter-DAF-64bit\\BIN\Debug\TransShiftMex.lib" /MACHINE:X64 /DLL Debug\TransShiftMex.dll.embed.manifest.res
         Debug\DSPF.obj
         Debug\mexLibrary.obj
         Debug\TransShift.obj
         "C:\Users\scai\Dropbox\sdap\Audapter-DAF-64bit\LIB\Debug\audioIO.lib" /export:mexFunction 
            Creating library C:\Users\scai\Dropbox\sdap\Audapter-DAF-64bit\\BIN\Debug\TransShiftMex.lib and object C:\Users\scai\Dropbox\sdap\Audapter-DAF-64bit\\BIN\Debug\TransShiftMex.exp
         TransShiftMex.vcxproj -> C:\Users\scai\Dropbox\sdap\Audapter-DAF-64bit\\BIN\Debug\TransShiftMex.dll
       Manifest:
         C:\Program Files (x86)\Microsoft SDKs\Windows\v7.0A\bin\mt.exe /nologo /verbose /out:"Debug\TransShiftMex.dll.embed.manifest" /manifest Debug\TransShiftMex.dll.intermediate.manifest
         All outputs are up-to-date.
       LinkEmbedManifest:
         All outputs are up-to-date.
         TransShiftMex.vcxproj -> C:\Users\scai\Dropbox\sdap\Audapter-DAF-64bit\\BIN\Debug\TransShiftMex.dll
       FinalizeBuildStatus:
         Deleting file "Debug\TransShiftMex.unsuccessfulbuild".
         Touching "Debug\TransShiftMex.lastbuildstate".
     1>Done Building Project "C:\Users\scai\Dropbox\sdap\Audapter-DAF-64bit\TransShiftMex\TransShiftMex.vcxproj" (build target(s)).

Build succeeded.

Time Elapsed 00:00:09.68
